app/build/outputs/logs/manifest-merger-debug-report.txt
-- Merging decision tree log ---
manifest
ADDED from src\main\AndroidManifest.xml:2:1-35:12
INJECTED from src\main\AndroidManifest.xml:2:1-35:12
INJECTED from src\main\AndroidManifest.xml:2:1-35:12
INJECTED from src\main\AndroidManifest.xml:2:1-35:12
MERGED from [com.google.firebase:firebase-core:11.0.4] AndroidManifest.xml:2:1-6:12
MERGED from [com.android.support:design:26.0.0] AndroidManifest.xml:17:1-31:12
MERGED from [com.android.support:appcompat-v7:26.0.0] AndroidManifest.xml:17:1-31:12
MERGED from [com.android.support:animated-vector-drawable:26.0.0] AndroidManifest.xml:17:1-28:12
MERGED from [com.android.support:support-vector-drawable:26.0.0] AndroidManifest.xml:17:1-28:12
MERGED from [com.android.support.constraint:constraint-layout:1.0.2] AndroidManifest.xml:2:1-11:12
MERGED from [com.firebaseui:firebase-ui-database:2.2.0] AndroidManifest.xml:2:1-19:12
MERGED from [com.google.firebase:firebase-database:11.0.4] AndroidManifest.xml:2:1-4:12
MERGED from [com.google.firebase:firebase-auth:11.0.4] AndroidManifest.xml:16:1-21:12
MERGED from [com.google.firebase:firebase-storage:11.0.4] AndroidManifest.xml:2:1-4:12
MERGED from [com.android.support:cardview-v7:26.0.0] AndroidManifest.xml:17:1-28:12
MERGED from [com.android.support:recyclerview-v7:26.0.0] AndroidManifest.xml:17:1-28:12
MERGED from [com.google.firebase:firebase-analytics:11.0.4] AndroidManifest.xml:16:1-35:12
MERGED from [com.android.support:transition:26.0.0] AndroidManifest.xml:17:1-28:12
MERGED from [android.arch.lifecycle:extensions:1.0.0-alpha5] AndroidManifest.xml:17:1-34:12
MERGED from [android.arch.lifecycle:runtime:1.0.0-alpha5] AndroidManifest.xml:17:1-26:12
MERGED from [android.arch.core:runtime:1.0.0-alpha5] AndroidManifest.xml:17:1-26:12
MERGED from [com.google.firebase:firebase-database-connection:11.0.4] AndroidManifest.xml:2:1-4:12
MERGED from [com.google.firebase:firebase-analytics-impl:11.0.4] AndroidManifest.xml:16:1-29:12
MERGED from [com.google.firebase:firebase-iid:11.0.4] AndroidManifest.xml:16:1-50:12
MERGED from [com.google.firebase:firebase-common:11.0.4] AndroidManifest.xml:2:1-8:12
MERGED from [com.google.android.gms:play-services-base:11.0.4] AndroidManifest.xml:16:1-21:12
MERGED from [com.google.android.gms:play-services-tasks:11.0.4] AndroidManifest.xml:2:1-5:12
MERGED from [com.google.firebase:firebase-storage-common:11.0.4] AndroidManifest.xml:2:1-4:12
MERGED from [com.google.android.gms:play-services-basement:11.0.4] AndroidManifest.xml:16:1-23:12
MERGED from [com.android.support:support-v4:26.0.0] AndroidManifest.xml:17:1-31:12
MERGED from [com.android.support:support-fragment:26.0.0] AndroidManifest.xml:17:1-31:12
MERGED from [com.android.support:support-core-ui:26.0.0] AndroidManifest.xml:17:1-31:12
MERGED from [com.android.support:support-media-compat:26.0.0] AndroidManifest.xml:17:1-31:12
MERGED from [com.android.support:support-core-utils:26.0.0] AndroidManifest.xml:17:1-31:12
MERGED from [com.android.support:support-compat:26.0.0] AndroidManifest.xml:17:1-31:12
MERGED from [com.android.support:multidex:1.0.1] AndroidManifest.xml:16:1-19:12
INJECTED from src\main\AndroidManifest.xml:2:1-35:12
INJECTED from src\main\AndroidManifest.xml:2:1-35:12
INJECTED from src\main\AndroidManifest.xml:2:1-35:12
	package
		ADDED from src\main\AndroidManifest.xml:3:5-49
		INJECTED from src\main\AndroidManifest.xml
		INJECTED from src\main\AndroidManifest.xml
	android:versionName
		INJECTED from src\main\AndroidManifest.xml
		ADDED from src\main\AndroidManifest.xml:2:1-35:12
		INJECTED from src\main\AndroidManifest.xml
	android:versionCode
		INJECTED from src\main\AndroidManifest.xml
		ADDED from src\main\AndroidManifest.xml:2:1-35:12
		INJECTED from src\main\AndroidManifest.xml
	xmlns:android
		ADDED from src\main\AndroidManifest.xml:2:11-69
uses-permission#android.permission.INTERNET
ADDED from src\main\AndroidManifest.xml:5:5-67
MERGED from [com.firebaseui:firebase-ui-database:2.2.0] AndroidManifest.xml:11:5-67
MERGED from [com.firebaseui:firebase-ui-database:2.2.0] AndroidManifest.xml:11:5-67
MERGED from [com.google.firebase:firebase-analytics:11.0.4] AndroidManifest.xml:20:5-66
MERGED from [com.google.firebase:firebase-analytics:11.0.4] AndroidManifest.xml:20:5-66
MERGED from [com.google.firebase:firebase-analytics-impl:11.0.4] AndroidManifest.xml:20:5-66
MERGED from [com.google.firebase:firebase-analytics-impl:11.0.4] AndroidManifest.xml:20:5-66
MERGED from [com.google.firebase:firebase-iid:11.0.4] AndroidManifest.xml:20:5-66
MERGED from [com.google.firebase:firebase-iid:11.0.4] AndroidManifest.xml:20:5-66
	android:name
		ADDED from src\main\AndroidManifest.xml:5:22-64
application
ADDED from src\main\AndroidManifest.xml:7:5-33:19
MERGED from [com.google.firebase:firebase-core:11.0.4] AndroidManifest.xml:5:5-20
MERGED from [com.google.firebase:firebase-core:11.0.4] AndroidManifest.xml:5:5-20
MERGED from [com.android.support:design:26.0.0] AndroidManifest.xml:25:5-29:19
MERGED from [com.android.support:design:26.0.0] AndroidManifest.xml:25:5-29:19
MERGED from [com.android.support:appcompat-v7:26.0.0] AndroidManifest.xml:25:5-29:19
MERGED from [com.android.support:appcompat-v7:26.0.0] AndroidManifest.xml:25:5-29:19
MERGED from [com.android.support:animated-vector-drawable:26.0.0] AndroidManifest.xml:22:5-26:19
MERGED from [com.android.support:animated-vector-drawable:26.0.0] AndroidManifest.xml:22:5-26:19
MERGED from [com.android.support:support-vector-drawable:26.0.0] AndroidManifest.xml:22:5-26:19
MERGED from [com.android.support:support-vector-drawable:26.0.0] AndroidManifest.xml:22:5-26:19
MERGED from [com.android.support.constraint:constraint-layout:1.0.2] AndroidManifest.xml:9:5-20
MERGED from [com.android.support.constraint:constraint-layout:1.0.2] AndroidManifest.xml:9:5-20
MERGED from [com.firebaseui:firebase-ui-database:2.2.0] AndroidManifest.xml:13:5-17:19
MERGED from [com.firebaseui:firebase-ui-database:2.2.0] AndroidManifest.xml:13:5-17:19
MERGED from [com.google.firebase:firebase-auth:11.0.4] AndroidManifest.xml:19:5-20:19
MERGED from [com.google.firebase:firebase-auth:11.0.4] AndroidManifest.xml:19:5-20:19
MERGED from [com.android.support:cardview-v7:26.0.0] AndroidManifest.xml:22:5-26:19
MERGED from [com.android.support:cardview-v7:26.0.0] AndroidManifest.xml:22:5-26:19
MERGED from [com.android.support:recyclerview-v7:26.0.0] AndroidManifest.xml:22:5-26:19
MERGED from [com.android.support:recyclerview-v7:26.0.0] AndroidManifest.xml:22:5-26:19
MERGED from [com.google.firebase:firebase-analytics:11.0.4] AndroidManifest.xml:24:5-34:19
MERGED from [com.google.firebase:firebase-analytics:11.0.4] AndroidManifest.xml:24:5-34:19
MERGED from [com.android.support:transition:26.0.0] AndroidManifest.xml:22:5-26:19
MERGED from [com.android.support:transition:26.0.0] AndroidManifest.xml:22:5-26:19
MERGED from [android.arch.lifecycle:extensions:1.0.0-alpha5] AndroidManifest.xml:26:5-32:19
MERGED from [android.arch.lifecycle:extensions:1.0.0-alpha5] AndroidManifest.xml:26:5-32:19
MERGED from [com.google.firebase:firebase-analytics-impl:11.0.4] AndroidManifest.xml:24:5-28:19
MERGED from [com.google.firebase:firebase-analytics-impl:11.0.4] AndroidManifest.xml:24:5-28:19
MERGED from [com.google.firebase:firebase-iid:11.0.4] AndroidManifest.xml:28:5-49:19
MERGED from [com.google.firebase:firebase-iid:11.0.4] AndroidManifest.xml:28:5-49:19
MERGED from [com.google.firebase:firebase-common:11.0.4] AndroidManifest.xml:4:5-7:19
MERGED from [com.google.firebase:firebase-common:11.0.4] AndroidManifest.xml:4:5-7:19
MERGED from [com.google.android.gms:play-services-base:11.0.4] AndroidManifest.xml:18:5-20:19
MERGED from [com.google.android.gms:play-services-base:11.0.4] AndroidManifest.xml:18:5-20:19
MERGED from [com.google.android.gms:play-services-tasks:11.0.4] AndroidManifest.xml:4:5-19
MERGED from [com.google.android.gms:play-services-tasks:11.0.4] AndroidManifest.xml:4:5-19
MERGED from [com.google.android.gms:play-services-basement:11.0.4] AndroidManifest.xml:19:5-21:19
MERGED from [com.google.android.gms:play-services-basement:11.0.4] AndroidManifest.xml:19:5-21:19
MERGED from [com.android.support:support-v4:26.0.0] AndroidManifest.xml:25:5-29:19
MERGED from [com.android.support:support-v4:26.0.0] AndroidManifest.xml:25:5-29:19
MERGED from [com.android.support:support-fragment:26.0.0] AndroidManifest.xml:25:5-29:19
MERGED from [com.android.support:support-fragment:26.0.0] AndroidManifest.xml:25:5-29:19
MERGED from [com.android.support:support-core-ui:26.0.0] AndroidManifest.xml:25:5-29:19
MERGED from [com.android.support:support-core-ui:26.0.0] AndroidManifest.xml:25:5-29:19
MERGED from [com.android.support:support-media-compat:26.0.0] AndroidManifest.xml:25:5-29:19
MERGED from [com.android.support:support-media-compat:26.0.0] AndroidManifest.xml:25:5-29:19
MERGED from [com.android.support:support-core-utils:26.0.0] AndroidManifest.xml:25:5-29:19
MERGED from [com.android.support:support-core-utils:26.0.0] AndroidManifest.xml:25:5-29:19
MERGED from [com.android.support:support-compat:26.0.0] AndroidManifest.xml:25:5-29:19
MERGED from [com.android.support:support-compat:26.0.0] AndroidManifest.xml:25:5-29:19
	android:supportsRtl
		ADDED from src\main\AndroidManifest.xml:12:9-35
	android:label
		ADDED from src\main\AndroidManifest.xml:10:9-41
	android:roundIcon
		ADDED from src\main\AndroidManifest.xml:11:9-54
	android:icon
		ADDED from src\main\AndroidManifest.xml:9:9-43
	android:allowBackup
		ADDED from src\main\AndroidManifest.xml:8:9-35
	android:theme
		ADDED from src\main\AndroidManifest.xml:13:9-40
activity#example.androidgrid.simplenotesapp.MainActivity
ADDED from src\main\AndroidManifest.xml:14:9-21:20
	android:screenOrientation
		ADDED from src\main\AndroidManifest.xml:15:13-49
	android:name
		ADDED from src\main\AndroidManifest.xml:14:19-47
intent-filter#action:name:android.intent.action.MAIN+category:name:android.intent.category.LAUNCHER
ADDED from src\main\AndroidManifest.xml:16:13-20:29
action#android.intent.action.MAIN
ADDED from src\main\AndroidManifest.xml:17:17-69
	android:name
		ADDED from src\main\AndroidManifest.xml:17:25-66
category#android.intent.category.LAUNCHER
ADDED from src\main\AndroidManifest.xml:19:17-77
	android:name
		ADDED from src\main\AndroidManifest.xml:19:27-74
activity#example.androidgrid.simplenotesapp.StartActivity
ADDED from src\main\AndroidManifest.xml:22:9-24:59
	android:theme
		ADDED from src\main\AndroidManifest.xml:24:13-56
	android:name
		ADDED from src\main\AndroidManifest.xml:23:13-42
activity#example.androidgrid.simplenotesapp.user_sign.RegisterActivity
ADDED from src\main\AndroidManifest.xml:25:9-27:48
	android:label
		ADDED from src\main\AndroidManifest.xml:27:13-45
	android:name
		ADDED from src\main\AndroidManifest.xml:26:13-55
activity#example.androidgrid.simplenotesapp.user_sign.LoginActivity
ADDED from src\main\AndroidManifest.xml:28:9-30:47
	android:label
		ADDED from src\main\AndroidManifest.xml:30:13-44
	android:name
		ADDED from src\main\AndroidManifest.xml:29:13-52
activity#example.androidgrid.simplenotesapp.NewNoteActivity
ADDED from src\main\AndroidManifest.xml:31:9-32:49
	android:label
		ADDED from src\main\AndroidManifest.xml:32:13-37
	android:name
		ADDED from src\main\AndroidManifest.xml:31:19-50
uses-sdk
INJECTED from src\main\AndroidManifest.xml reason: use-sdk injection requested
INJECTED from src\main\AndroidManifest.xml
INJECTED from src\main\AndroidManifest.xml
MERGED from [com.google.firebase:firebase-core:11.0.4] AndroidManifest.xml:4:5-43
MERGED from [com.google.firebase:firebase-core:11.0.4] AndroidManifest.xml:4:5-43
MERGED from [com.android.support:design:26.0.0] AndroidManifest.xml:21:5-23:62
MERGED from [com.android.support:design:26.0.0] AndroidManifest.xml:21:5-23:62
MERGED from [com.android.support:appcompat-v7:26.0.0] AndroidManifest.xml:21:5-23:78
MERGED from [com.android.support:appcompat-v7:26.0.0] AndroidManifest.xml:21:5-23:78
MERGED from [com.android.support:animated-vector-drawable:26.0.0] AndroidManifest.xml:20:5-44
MERGED from [com.android.support:animated-vector-drawable:26.0.0] AndroidManifest.xml:20:5-44
MERGED from [com.android.support:support-vector-drawable:26.0.0] AndroidManifest.xml:20:5-44
MERGED from [com.android.support:support-vector-drawable:26.0.0] AndroidManifest.xml:20:5-44
MERGED from [com.android.support.constraint:constraint-layout:1.0.2] AndroidManifest.xml:5:5-7:41
MERGED from [com.android.support.constraint:constraint-layout:1.0.2] AndroidManifest.xml:5:5-7:41
MERGED from [com.firebaseui:firebase-ui-database:2.2.0] AndroidManifest.xml:7:5-9:41
MERGED from [com.firebaseui:firebase-ui-database:2.2.0] AndroidManifest.xml:7:5-9:41
MERGED from [com.google.firebase:firebase-database:11.0.4] AndroidManifest.xml:3:5-43
MERGED from [com.google.firebase:firebase-database:11.0.4] AndroidManifest.xml:3:5-43
MERGED from [com.google.firebase:firebase-auth:11.0.4] AndroidManifest.xml:17:5-43
MERGED from [com.google.firebase:firebase-auth:11.0.4] AndroidManifest.xml:17:5-43
MERGED from [com.google.firebase:firebase-storage:11.0.4] AndroidManifest.xml:3:5-43
MERGED from [com.google.firebase:firebase-storage:11.0.4] AndroidManifest.xml:3:5-43
MERGED from [com.android.support:cardview-v7:26.0.0] AndroidManifest.xml:20:5-44
MERGED from [com.android.support:cardview-v7:26.0.0] AndroidManifest.xml:20:5-44
MERGED from [com.android.support:recyclerview-v7:26.0.0] AndroidManifest.xml:20:5-44
MERGED from [com.android.support:recyclerview-v7:26.0.0] AndroidManifest.xml:20:5-44
MERGED from [com.google.firebase:firebase-analytics:11.0.4] AndroidManifest.xml:17:5-43
MERGED from [com.google.firebase:firebase-analytics:11.0.4] AndroidManifest.xml:17:5-43
MERGED from [com.android.support:transition:26.0.0] AndroidManifest.xml:20:5-44
MERGED from [com.android.support:transition:26.0.0] AndroidManifest.xml:20:5-44
MERGED from [android.arch.lifecycle:extensions:1.0.0-alpha5] AndroidManifest.xml:22:5-24:41
MERGED from [android.arch.lifecycle:extensions:1.0.0-alpha5] AndroidManifest.xml:22:5-24:41
MERGED from [android.arch.lifecycle:runtime:1.0.0-alpha5] AndroidManifest.xml:22:5-24:41
MERGED from [android.arch.lifecycle:runtime:1.0.0-alpha5] AndroidManifest.xml:22:5-24:41
MERGED from [android.arch.core:runtime:1.0.0-alpha5] AndroidManifest.xml:22:5-24:41
MERGED from [android.arch.core:runtime:1.0.0-alpha5] AndroidManifest.xml:22:5-24:41
MERGED from [com.google.firebase:firebase-database-connection:11.0.4] AndroidManifest.xml:3:5-43
MERGED from [com.google.firebase:firebase-database-connection:11.0.4] AndroidManifest.xml:3:5-43
MERGED from [com.google.firebase:firebase-analytics-impl:11.0.4] AndroidManifest.xml:17:5-43
MERGED from [com.google.firebase:firebase-analytics-impl:11.0.4] AndroidManifest.xml:17:5-43
MERGED from [com.google.firebase:firebase-iid:11.0.4] AndroidManifest.xml:17:5-43
MERGED from [com.google.firebase:firebase-iid:11.0.4] AndroidManifest.xml:17:5-43
MERGED from [com.google.firebase:firebase-common:11.0.4] AndroidManifest.xml:3:5-43
MERGED from [com.google.firebase:firebase-common:11.0.4] AndroidManifest.xml:3:5-43
MERGED from [com.google.android.gms:play-services-base:11.0.4] AndroidManifest.xml:17:5-43
MERGED from [com.google.android.gms:play-services-base:11.0.4] AndroidManifest.xml:17:5-43
MERGED from [com.google.android.gms:play-services-tasks:11.0.4] AndroidManifest.xml:3:5-43
MERGED from [com.google.android.gms:play-services-tasks:11.0.4] AndroidManifest.xml:3:5-43
MERGED from [com.google.firebase:firebase-storage-common:11.0.4] AndroidManifest.xml:3:5-43
MERGED from [com.google.firebase:firebase-storage-common:11.0.4] AndroidManifest.xml:3:5-43
MERGED from [com.google.android.gms:play-services-basement:11.0.4] AndroidManifest.xml:17:5-43
MERGED from [com.google.android.gms:play-services-basement:11.0.4] AndroidManifest.xml:17:5-43
MERGED from [com.android.support:support-v4:26.0.0] AndroidManifest.xml:21:5-23:54
MERGED from [com.android.support:support-v4:26.0.0] AndroidManifest.xml:21:5-23:54
MERGED from [com.android.support:support-fragment:26.0.0] AndroidManifest.xml:21:5-23:60
MERGED from [com.android.support:support-fragment:26.0.0] AndroidManifest.xml:21:5-23:60
MERGED from [com.android.support:support-core-ui:26.0.0] AndroidManifest.xml:21:5-23:58
MERGED from [com.android.support:support-core-ui:26.0.0] AndroidManifest.xml:21:5-23:58
MERGED from [com.android.support:support-media-compat:26.0.0] AndroidManifest.xml:21:5-23:63
MERGED from [com.android.support:support-media-compat:26.0.0] AndroidManifest.xml:21:5-23:63
MERGED from [com.android.support:support-core-utils:26.0.0] AndroidManifest.xml:21:5-23:61
MERGED from [com.android.support:support-core-utils:26.0.0] AndroidManifest.xml:21:5-23:61
MERGED from [com.android.support:support-compat:26.0.0] AndroidManifest.xml:21:5-23:58
MERGED from [com.android.support:support-compat:26.0.0] AndroidManifest.xml:21:5-23:58
MERGED from [com.android.support:multidex:1.0.1] AndroidManifest.xml:18:5-42
MERGED from [com.android.support:multidex:1.0.1] AndroidManifest.xml:18:5-42
INJECTED from src\main\AndroidManifest.xml
INJECTED from src\main\AndroidManifest.xml
	tools:overrideLibrary
		ADDED from [com.android.support:design:26.0.0] AndroidManifest.xml:23:9-59
	android:targetSdkVersion
		INJECTED from src\main\AndroidManifest.xml
		ADDED from src\main\AndroidManifest.xml
		INJECTED from src\main\AndroidManifest.xml
	android:minSdkVersion
		INJECTED from src\main\AndroidManifest.xml
		ADDED from src\main\AndroidManifest.xml
		INJECTED from src\main\AndroidManifest.xml
meta-data#android.support.VERSION
ADDED from [com.android.support:design:26.0.0] AndroidManifest.xml:26:9-28:38
MERGED from [com.android.support:appcompat-v7:26.0.0] AndroidManifest.xml:26:9-28:38
MERGED from [com.android.support:appcompat-v7:26.0.0] AndroidManifest.xml:26:9-28:38
MERGED from [com.android.support:animated-vector-drawable:26.0.0] AndroidManifest.xml:23:9-25:38
MERGED from [com.android.support:animated-vector-drawable:26.0.0] AndroidManifest.xml:23:9-25:38
MERGED from [com.android.support:support-vector-drawable:26.0.0] AndroidManifest.xml:23:9-25:38
MERGED from [com.android.support:support-vector-drawable:26.0.0] AndroidManifest.xml:23:9-25:38
MERGED from [com.android.support:cardview-v7:26.0.0] AndroidManifest.xml:23:9-25:38
MERGED from [com.android.support:cardview-v7:26.0.0] AndroidManifest.xml:23:9-25:38
MERGED from [com.android.support:recyclerview-v7:26.0.0] AndroidManifest.xml:23:9-25:38
MERGED from [com.android.support:recyclerview-v7:26.0.0] AndroidManifest.xml:23:9-25:38
MERGED from [com.android.support:transition:26.0.0] AndroidManifest.xml:23:9-25:38
MERGED from [com.android.support:transition:26.0.0] AndroidManifest.xml:23:9-25:38
MERGED from [com.android.support:support-v4:26.0.0] AndroidManifest.xml:26:9-28:38
MERGED from [com.android.support:support-v4:26.0.0] AndroidManifest.xml:26:9-28:38
MERGED from [com.android.support:support-fragment:26.0.0] AndroidManifest.xml:26:9-28:38
MERGED from [com.android.support:support-fragment:26.0.0] AndroidManifest.xml:26:9-28:38
MERGED from [com.android.support:support-core-ui:26.0.0] AndroidManifest.xml:26:9-28:38
MERGED from [com.android.support:support-core-ui:26.0.0] AndroidManifest.xml:26:9-28:38
MERGED from [com.android.support:support-media-compat:26.0.0] AndroidManifest.xml:26:9-28:38
MERGED from [com.android.support:support-media-compat:26.0.0] AndroidManifest.xml:26:9-28:38
MERGED from [com.android.support:support-core-utils:26.0.0] AndroidManifest.xml:26:9-28:38
MERGED from [com.android.support:support-core-utils:26.0.0] AndroidManifest.xml:26:9-28:38
MERGED from [com.android.support:support-compat:26.0.0] AndroidManifest.xml:26:9-28:38
MERGED from [com.android.support:support-compat:26.0.0] AndroidManifest.xml:26:9-28:38
	android:value
		ADDED from [com.android.support:design:26.0.0] AndroidManifest.xml:28:13-35
	android:name
		ADDED from [com.android.support:design:26.0.0] AndroidManifest.xml:27:13-51
meta-data#com.google.android.gms.version
ADDED from [com.firebaseui:firebase-ui-database:2.2.0] AndroidManifest.xml:14:9-16:69
MERGED from [com.google.android.gms:play-services-basement:11.0.4] AndroidManifest.xml:20:9-121
MERGED from [com.google.android.gms:play-services-basement:11.0.4] AndroidManifest.xml:20:9-121
	android:value
		ADDED from [com.firebaseui:firebase-ui-database:2.2.0] AndroidManifest.xml:16:13-66
	android:name
		ADDED from [com.firebaseui:firebase-ui-database:2.2.0] AndroidManifest.xml:15:13-58
uses-permission#android.permission.ACCESS_NETWORK_STATE
ADDED from [com.google.firebase:firebase-analytics:11.0.4] AndroidManifest.xml:21:5-78
MERGED from [com.google.firebase:firebase-analytics-impl:11.0.4] AndroidManifest.xml:21:5-78
MERGED from [com.google.firebase:firebase-analytics-impl:11.0.4] AndroidManifest.xml:21:5-78
MERGED from [com.google.firebase:firebase-iid:11.0.4] AndroidManifest.xml:19:5-78
MERGED from [com.google.firebase:firebase-iid:11.0.4] AndroidManifest.xml:19:5-78
	android:name
		ADDED from [com.google.firebase:firebase-analytics:11.0.4] AndroidManifest.xml:21:22-76
uses-permission#android.permission.WAKE_LOCK
ADDED from [com.google.firebase:firebase-analytics:11.0.4] AndroidManifest.xml:22:5-67
MERGED from [com.google.firebase:firebase-analytics-impl:11.0.4] AndroidManifest.xml:22:5-67
MERGED from [com.google.firebase:firebase-analytics-impl:11.0.4] AndroidManifest.xml:22:5-67
MERGED from [com.google.firebase:firebase-iid:11.0.4] AndroidManifest.xml:21:5-67
MERGED from [com.google.firebase:firebase-iid:11.0.4] AndroidManifest.xml:21:5-67
	android:name
		ADDED from [com.google.firebase:firebase-analytics:11.0.4] AndroidManifest.xml:22:22-65
receiver#com.google.android.gms.measurement.AppMeasurementReceiver
ADDED from [com.google.firebase:firebase-analytics:11.0.4] AndroidManifest.xml:25:7-26:18
MERGED from [com.google.firebase:firebase-analytics-impl:11.0.4] AndroidManifest.xml:25:7-26:18
MERGED from [com.google.firebase:firebase-analytics-impl:11.0.4] AndroidManifest.xml:25:7-26:18
	android:enabled
		ADDED from [com.google.firebase:firebase-analytics:11.0.4] AndroidManifest.xml:25:90-112
	android:exported
		ADDED from [com.google.firebase:firebase-analytics:11.0.4] AndroidManifest.xml:25:113-137
	android:name
		ADDED from [com.google.firebase:firebase-analytics:11.0.4] AndroidManifest.xml:25:17-89
receiver#com.google.android.gms.measurement.AppMeasurementInstallReferrerReceiver
ADDED from [com.google.firebase:firebase-analytics:11.0.4] AndroidManifest.xml:27:7-31:18
	android:enabled
		ADDED from [com.google.firebase:firebase-analytics:11.0.4] AndroidManifest.xml:27:162-184
	android:exported
		ADDED from [com.google.firebase:firebase-analytics:11.0.4] AndroidManifest.xml:27:185-208
	android:permission
		ADDED from [com.google.firebase:firebase-analytics:11.0.4] AndroidManifest.xml:27:105-161
	android:name
		ADDED from [com.google.firebase:firebase-analytics:11.0.4] AndroidManifest.xml:27:17-104
intent-filter#action:name:com.android.vending.INSTALL_REFERRER
ADDED from [com.google.firebase:firebase-analytics:11.0.4] AndroidManifest.xml:28:11-30:27
action#com.android.vending.INSTALL_REFERRER
ADDED from [com.google.firebase:firebase-analytics:11.0.4] AndroidManifest.xml:29:15-76
	android:name
		ADDED from [com.google.firebase:firebase-analytics:11.0.4] AndroidManifest.xml:29:23-74
service#com.google.android.gms.measurement.AppMeasurementService
ADDED from [com.google.firebase:firebase-analytics:11.0.4] AndroidManifest.xml:32:7-137
MERGED from [com.google.firebase:firebase-analytics-impl:11.0.4] AndroidManifest.xml:27:7-137
MERGED from [com.google.firebase:firebase-analytics-impl:11.0.4] AndroidManifest.xml:27:7-137
	android:enabled
		ADDED from [com.google.firebase:firebase-analytics:11.0.4] AndroidManifest.xml:32:88-110
	android:exported
		ADDED from [com.google.firebase:firebase-analytics:11.0.4] AndroidManifest.xml:32:111-135
	android:name
		ADDED from [com.google.firebase:firebase-analytics:11.0.4] AndroidManifest.xml:32:16-87
service#com.google.android.gms.measurement.AppMeasurementJobService
ADDED from [com.google.firebase:firebase-analytics:11.0.4] AndroidManifest.xml:33:7-197
	android:enabled
		ADDED from [com.google.firebase:firebase-analytics:11.0.4] AndroidManifest.xml:33:148-170
	android:exported
		ADDED from [com.google.firebase:firebase-analytics:11.0.4] AndroidManifest.xml:33:171-195
	android:permission
		ADDED from [com.google.firebase:firebase-analytics:11.0.4] AndroidManifest.xml:33:91-147
	android:name
		ADDED from [com.google.firebase:firebase-analytics:11.0.4] AndroidManifest.xml:33:16-90
provider#android.arch.lifecycle.LifecycleRuntimeTrojanProvider
ADDED from [android.arch.lifecycle:extensions:1.0.0-alpha5] AndroidManifest.xml:27:9-31:43
	android:authorities
		ADDED from [android.arch.lifecycle:extensions:1.0.0-alpha5] AndroidManifest.xml:29:13-68
	android:multiprocess
		ADDED from [android.arch.lifecycle:extensions:1.0.0-alpha5] AndroidManifest.xml:31:13-40
	android:exported
		ADDED from [android.arch.lifecycle:extensions:1.0.0-alpha5] AndroidManifest.xml:30:13-37
	android:name
		ADDED from [android.arch.lifecycle:extensions:1.0.0-alpha5] AndroidManifest.xml:28:13-81
uses-permission#com.google.android.c2dm.permission.RECEIVE
ADDED from [com.google.firebase:firebase-iid:11.0.4] AndroidManifest.xml:22:5-81
	android:name
		ADDED from [com.google.firebase:firebase-iid:11.0.4] AndroidManifest.xml:22:22-79
permission#${applicationId}.permission.C2D_MESSAGE
ADDED from [com.google.firebase:firebase-iid:11.0.4] AndroidManifest.xml:24:5-109
	android:protectionLevel
		ADDED from [com.google.firebase:firebase-iid:11.0.4] AndroidManifest.xml:24:72-107
	android:name
		ADDED from [com.google.firebase:firebase-iid:11.0.4] AndroidManifest.xml:24:17-71
permission#example.androidgrid.simplenotesapp.permission.C2D_MESSAGE
ADDED from [com.google.firebase:firebase-iid:11.0.4] AndroidManifest.xml:24:5-109
	android:protectionLevel
		ADDED from [com.google.firebase:firebase-iid:11.0.4] AndroidManifest.xml:24:72-107
	android:name
		ADDED from [com.google.firebase:firebase-iid:11.0.4] AndroidManifest.xml:24:17-71
uses-permission#${applicationId}.permission.C2D_MESSAGE
ADDED from [com.google.firebase:firebase-iid:11.0.4] AndroidManifest.xml:26:5-78
	android:name
		ADDED from [com.google.firebase:firebase-iid:11.0.4] AndroidManifest.xml:26:22-76
uses-permission#example.androidgrid.simplenotesapp.permission.C2D_MESSAGE
ADDED from [com.google.firebase:firebase-iid:11.0.4] AndroidManifest.xml:26:5-78
	android:name
		ADDED from [com.google.firebase:firebase-iid:11.0.4] AndroidManifest.xml:26:22-76
receiver#com.google.firebase.iid.FirebaseInstanceIdReceiver
ADDED from [com.google.firebase:firebase-iid:11.0.4] AndroidManifest.xml:30:9-35:20
	android:exported
		ADDED from [com.google.firebase:firebase-iid:11.0.4] AndroidManifest.xml:30:85-108
	android:permission
		ADDED from [com.google.firebase:firebase-iid:11.0.4] AndroidManifest.xml:30:109-169
	android:name
		ADDED from [com.google.firebase:firebase-iid:11.0.4] AndroidManifest.xml:30:19-84
intent-filter#action:name:com.google.android.c2dm.intent.RECEIVE+category:name:${applicationId}
ADDED from [com.google.firebase:firebase-iid:11.0.4] AndroidManifest.xml:31:13-34:29
intent-filter#action:name:com.google.android.c2dm.intent.RECEIVE+category:name:example.androidgrid.simplenotesapp
ADDED from [com.google.firebase:firebase-iid:11.0.4] AndroidManifest.xml:31:13-34:29
action#com.google.android.c2dm.intent.RECEIVE
ADDED from [com.google.firebase:firebase-iid:11.0.4] AndroidManifest.xml:32:17-80
	android:name
		ADDED from [com.google.firebase:firebase-iid:11.0.4] AndroidManifest.xml:32:25-78
category#${applicationId}
ADDED from [com.google.firebase:firebase-iid:11.0.4] AndroidManifest.xml:33:17-60
	android:name
		ADDED from [com.google.firebase:firebase-iid:11.0.4] AndroidManifest.xml:33:27-58
category#example.androidgrid.simplenotesapp
ADDED from [com.google.firebase:firebase-iid:11.0.4] AndroidManifest.xml:33:17-60
	android:name
		ADDED from [com.google.firebase:firebase-iid:11.0.4] AndroidManifest.xml:33:27-58
receiver#com.google.firebase.iid.FirebaseInstanceIdInternalReceiver
ADDED from [com.google.firebase:firebase-iid:11.0.4] AndroidManifest.xml:39:9-119
	android:exported
		ADDED from [com.google.firebase:firebase-iid:11.0.4] AndroidManifest.xml:39:93-117
	android:name
		ADDED from [com.google.firebase:firebase-iid:11.0.4] AndroidManifest.xml:39:19-92
service#com.google.firebase.iid.FirebaseInstanceIdService
ADDED from [com.google.firebase:firebase-iid:11.0.4] AndroidManifest.xml:43:9-47:19
	android:exported
		ADDED from [com.google.firebase:firebase-iid:11.0.4] AndroidManifest.xml:43:83-106
	android:name
		ADDED from [com.google.firebase:firebase-iid:11.0.4] AndroidManifest.xml:43:18-82
intent-filter#action:name:com.google.firebase.INSTANCE_ID_EVENT
ADDED from [com.google.firebase:firebase-iid:11.0.4] AndroidManifest.xml:44:13-46:29
	android:priority
		ADDED from [com.google.firebase:firebase-iid:11.0.4] AndroidManifest.xml:44:28-51
action#com.google.firebase.INSTANCE_ID_EVENT
ADDED from [com.google.firebase:firebase-iid:11.0.4] AndroidManifest.xml:45:17-79
	android:name
		ADDED from [com.google.firebase:firebase-iid:11.0.4] AndroidManifest.xml:45:25-77
provider#com.google.firebase.provider.FirebaseInitProvider
ADDED from [com.google.firebase:firebase-common:11.0.4] AndroidManifest.xml:6:9-194
	android:authorities
		ADDED from [com.google.firebase:firebase-common:11.0.4] AndroidManifest.xml:6:19-78
	android:exported
		ADDED from [com.google.firebase:firebase-common:11.0.4] AndroidManifest.xml:6:144-168
	android:initOrder
		ADDED from [com.google.firebase:firebase-common:11.0.4] AndroidManifest.xml:6:169-192
	android:name
		ADDED from [com.google.firebase:firebase-common:11.0.4] AndroidManifest.xml:6:79-143
activity#com.google.android.gms.common.api.GoogleApiActivity
ADDED from [com.google.android.gms:play-services-base:11.0.4] AndroidManifest.xml:19:9-172
	android:exported